PS C:\Users\Lysander\Desktop\k8s_dev\anchor-series\anchor-common> ./gradle gradlew build
./gradle: The term './gradle' is not recognized as a name of a cmdlet, function, script file, or executable program.
Check the spelling of the name, or if a path was included, verify that the path is correct and try again.
PS C:\Users\Lysander\Desktop\k8s_dev\anchor-series\anchor-common>
PS C:\Users\Lysander\Desktop\k8s_dev\anchor-series\anchor-common> ./gradlew build

FAILURE: Build failed with an exception.

* What went wrong:
Could not determine the dependencies of task ':compileJava'.
> Could not resolve all dependencies for configuration ':compileClasspath'.
   > Failed to calculate the value of task ':compileJava' property 'javaCompiler'.
      > Toolchain installation 'C:\Program Files\Eclipse Adoptium\jre-21.0.6.7-hotspot' does not provide the required capabilities: [JAVA_COMPILER]

* Try:
> Run with --stacktrace option to get the stack trace.
> Run with --info or --debug option to get more log output.
> Run with --scan to get full insights.
> Get more help at https://help.gradle.org.

BUILD FAILED in 11s
9 actionable tasks: 9 up-to-date
